<?xml version="1.0" encoding="UTF-8" ?>
<testsuite errors="0" failures="1" hostname="Danish_Mehmood" name="TestSuit1" skipped="0" tests="11" time="0.089" timestamp="2018-03-28T07:11:23">
  <properties>
[...]
</properties>
  <testcase classname="TestSuit1" name="test10" time="0.001" />
  <testcase classname="TestSuit1" name="test11" time="0.0" />
  <testcase classname="TestSuit1" name="test" time="0.005" />
  <testcase classname="TestSuit1" name="test2" time="0.0" />
  <testcase classname="TestSuit1" name="test3" time="0.0" />
  <testcase classname="TestSuit1" name="test4" time="0.0" />
  <testcase classname="TestSuit1" name="test5" time="0.001" />
  <testcase classname="TestSuit1" name="test6" time="0.0" />
  <testcase classname="TestSuit1" name="test7" time="0.0" />
  <testcase classname="TestSuit1" name="test8" time="0.0" />
  <testcase classname="TestSuit1" name="test9" time="0.0" />
  <system-out><![CDATA[]]></system-out>
  <system-err><![CDATA[]]></system-err>
</testsuite>
